<?xml version="1.0" encoding="UTF-8"?>
<testsuite xmlns:xsi="http://www.w3.org/2001/XMLSchema-instance" xsi:noNamespaceSchemaLocation="https://maven.apache.org/surefire/maven-surefire-plugin/xsd/surefire-test-report-3.0.xsd" version="3.0" name="bacdd.runner.RunLoginTest" time="963.006" tests="8" errors="1" skipped="0" failures="0">
  <properties>
[...]
</properties>
  <testcase name="Login with valid username and password" classname="Login" time="150.794">
    <system-out><![CDATA[
Scenario: Login with valid username and password                  &amp#27;[90m# src/test/java/bacdd/feature/Login.feature:7&amp#27;[0m
  &amp#27;[32mAnd &amp#27;[0m&amp#27;[32mOpen home page&amp#27;[0m                                              &amp#27;[90m# bacdd.steps.LoginSteps.openHomePage()&amp#27;[0m
  &amp#27;[32mAnd &amp#27;[0m&amp#27;[32mClick on My Account Menu&amp#27;[0m                                    &amp#27;[90m# bacdd.steps.LoginSteps.clickOnMyAccountMenu()&amp#27;[0m
  &amp#27;[32mWhen &amp#27;[0m&amp#27;[32mEnter registered &amp#27;[0m&amp#27;[32m&amp#27;[1mbacdd@paraline.com.vn&amp#27;[0m&amp#27;[32m in username textbox&amp#27;[0m &amp#27;[90m# bacdd.steps.LoginSteps.enterRegisteredUsername(java.lang.String)&amp#27;[0m
  &amp#27;[32mAnd &amp#27;[0m&amp#27;[32mEnter &amp#27;[0m&amp#27;[32m&amp#27;[1mParalinebacdd&amp#27;[0m&amp#27;[32m in password textbox&amp#27;[0m                     &amp#27;[90m# bacdd.steps.LoginSteps.enterRegisteredPassword(java.lang.String)&amp#27;[0m
  &amp#27;[32mAnd &amp#27;[0m&amp#27;[32mClick on login button&amp#27;[0m                                       &amp#27;[90m# bacdd.steps.LoginSteps.clickOnLoginButton()&amp#27;[0m
  &amp#27;[32mThen &amp#27;[0m&amp#27;[32mUser must successfully login to the web page&amp#27;[0m               &amp#27;[90m# bacdd.steps.LoginSteps.verifyLoginSuccess()&amp#27;[0m

    Embedding anh [image/png 81393 bytes]

]]></system-out>
    <system-err><![CDATA[SLF4J: Failed to load class "org.slf4j.impl.StaticLoggerBinder".
SLF4J: Defaulting to no-operation (NOP) logger implementation
SLF4J: See http://www.slf4j.org/codes.html#StaticLoggerBinder for further details.
Starting ChromeDriver 91.0.4472.101 (af52a90bf87030dd1523486a1cd3ae25c5d76c9b-refs/branch-heads/4472@{#1462}) on port 30170
Only local connections are allowed.
Please see https://chromedriver.chromium.org/security-considerations for suggestions on keeping ChromeDriver safe.
ChromeDriver was started successfully.
Jul 24, 2021 4:47:56 PM org.openqa.selenium.remote.ProtocolHandshake createSession
INFO: Detected dialect: W3C
]]></system-err>
  </testcase>
  <testcase name="Login with incorrect username and incorrect password" classname="Login" time="28.29">
    <error type="org.openqa.selenium.NoSuchElementException"><![CDATA[org.openqa.selenium.NoSuchElementException: 
no such element: Unable to locate element: {"method":"css selector","selector":"#username"}
  (Session info: chrome=91.0.4472.124)
For documentation on this error, please visit: https://www.seleniumhq.org/exceptions/no_such_element.html
Build info: version: '3.141.59', revision: 'e82be7d358', time: '2018-11-14T08:17:03'
System info: host: 'DESKTOP-VF9VKG6', ip: '192.168.1.53', os.name: 'Windows 10', os.arch: 'amd64', os.version: '10.0', java.version: '1.8.0_281'
Driver info: org.openqa.selenium.chrome.ChromeDriver
Capabilities {acceptInsecureCerts: false, browserName: chrome, browserVersion: 91.0.4472.124, chrome: {chromedriverVersion: 91.0.4472.101 (af52a90bf870..., userDataDir: C:\Users\Bac\AppData\Local\...}, goog:chromeOptions: {debuggerAddress: localhost:60837}, javascriptEnabled: true, networkConnectionEnabled: false, pageLoadStrategy: normal, platform: WINDOWS, platformName: WINDOWS, proxy: Proxy(), setWindowRect: true, strictFileInteractability: false, timeouts: {implicit: 0, pageLoad: 300000, script: 30000}, unhandledPromptBehavior: dismiss and notify, webauthn:extension:largeBlob: true, webauthn:virtualAuthenticators: true}
Session ID: 8224c3aa3e8df0daf4fdaa0c562bc1e3
*** Element info: {Using=id, value=username}
]]></error>
    <system-out><![CDATA[
Scenario: Login with incorrect username and incorrect password                                  &amp#27;[90m# src/test/java/bacdd/feature/Login.feature:15&amp#27;[0m
  &amp#27;[32mAnd &amp#27;[0m&amp#27;[32mOpen home page&amp#27;[0m                                                                            &amp#27;[90m# bacdd.steps.LoginSteps.openHomePage()&amp#27;[0m
  &amp#27;[32mAnd &amp#27;[0m&amp#27;[32mClick on My Account Menu&amp#27;[0m                                                                  &amp#27;[90m# bacdd.steps.LoginSteps.clickOnMyAccountMenu()&amp#27;[0m
  &amp#27;[31mWhen &amp#27;[0m&amp#27;[31mEnter registered &amp#27;[0m&amp#27;[31m&amp#27;[1mbacdd@paraline.com&amp#27;[0m&amp#27;[31m in username textbox&amp#27;[0m                                  &amp#27;[90m# bacdd.steps.LoginSteps.enterRegisteredUsername(java.lang.String)&amp#27;[0m
      &amp#27;[31morg.openqa.selenium.NoSuchElementException: no such element: Unable to locate element: {"method":"css selector","selector":"#username"}
  (Session info: chrome=91.0.4472.124)
For documentation on this error, please visit: https://www.seleniumhq.org/exceptions/no_such_element.html
Build info: version: '3.141.59', revision: 'e82be7d358', time: '2018-11-14T08:17:03'
System info: host: 'DESKTOP-VF9VKG6', ip: '192.168.1.53', os.name: 'Windows 10', os.arch: 'amd64', os.version: '10.0', java.version: '1.8.0_281'
Driver info: org.openqa.selenium.chrome.ChromeDriver
Capabilities {acceptInsecureCerts: false, browserName: chrome, browserVersion: 91.0.4472.124, chrome: {chromedriverVersion: 91.0.4472.101 (af52a90bf870..., userDataDir: C:\Users\Bac\AppData\Local\...}, goog:chromeOptions: {debuggerAddress: localhost:60837}, javascriptEnabled: true, networkConnectionEnabled: false, pageLoadStrategy: normal, platform: WINDOWS, platformName: WINDOWS, proxy: Proxy(), setWindowRect: true, strictFileInteractability: false, timeouts: {implicit: 0, pageLoad: 300000, script: 30000}, unhandledPromptBehavior: dismiss and notify, webauthn:extension:largeBlob: true, webauthn:virtualAuthenticators: true}
Session ID: 8224c3aa3e8df0daf4fdaa0c562bc1e3
*** Element info: {Using=id, value=username}
	at sun.reflect.NativeConstructorAccessorImpl.newInstance0(Native Method)
	at sun.reflect.NativeConstructorAccessorImpl.newInstance(NativeConstructorAccessorImpl.java:62)
	at sun.reflect.DelegatingConstructorAccessorImpl.newInstance(DelegatingConstructorAccessorImpl.java:45)
	at java.lang.reflect.Constructor.newInstance(Constructor.java:423)
	at org.openqa.selenium.remote.http.W3CHttpResponseCodec.createException(W3CHttpResponseCodec.java:187)
	at org.openqa.selenium.remote.http.W3CHttpResponseCodec.decode(W3CHttpResponseCodec.java:122)
	at org.openqa.selenium.remote.http.W3CHttpResponseCodec.decode(W3CHttpResponseCodec.java:49)
	at org.openqa.selenium.remote.HttpCommandExecutor.execute(HttpCommandExecutor.java:158)
	at org.openqa.selenium.remote.service.DriverCommandExecutor.execute(DriverCommandExecutor.java:83)
	at org.openqa.selenium.remote.RemoteWebDriver.execute(RemoteWebDriver.java:552)
	at org.openqa.selenium.remote.RemoteWebDriver.findElement(RemoteWebDriver.java:323)
	at org.openqa.selenium.remote.RemoteWebDriver.findElementById(RemoteWebDriver.java:372)
	at org.openqa.selenium.By$ById.findElement(By.java:188)
	at org.openqa.selenium.remote.RemoteWebDriver.findElement(RemoteWebDriver.java:315)
	at org.openqa.selenium.support.pagefactory.DefaultElementLocator.findElement(DefaultElementLocator.java:69)
	at org.openqa.selenium.support.pagefactory.internal.LocatingElementHandler.invoke(LocatingElementHandler.java:38)
	at com.sun.proxy.$Proxy18.clear(Unknown Source)
	at bacdd.page.LoginPage.inputUsername(LoginPage.java:50)
	at bacdd.steps.LoginSteps.enterRegisteredUsername(LoginSteps.java:35)
	at âœ½.Enter registered bacdd@paraline.com in username textbox(file:///D:/Auto/Study/src/test/java/bacdd/feature/Login.feature:18)
&amp#27;[0m
  &amp#27;[36mAnd &amp#27;[0m&amp#27;[36mEnter &amp#27;[0m&amp#27;[36m&amp#27;[1mParaline&amp#27;[0m&amp#27;[36m in password textbox&amp#27;[0m                                                        &amp#27;[90m# bacdd.steps.LoginSteps.enterRegisteredPassword(java.lang.String)&amp#27;[0m
  &amp#27;[36mAnd &amp#27;[0m&amp#27;[36mClick on login button&amp#27;[0m                                                                     &amp#27;[90m# bacdd.steps.LoginSteps.clickOnLoginButton()&amp#27;[0m
  &amp#27;[36mThen &amp#27;[0m&amp#27;[36mProper error must be displayed &amp#27;[0m&amp#27;[36m&amp#27;[1mError: A user could not be found with this email address.&amp#27;[0m &amp#27;[90m# bacdd.steps.LoginSteps.verifyLoginFail(java.lang.String)&amp#27;[0m

    Embedding anh [image/png 10522 bytes]

]]></system-out>
    <system-err><![CDATA[Starting ChromeDriver 91.0.4472.101 (af52a90bf87030dd1523486a1cd3ae25c5d76c9b-refs/branch-heads/4472@{#1462}) on port 46052
Only local connections are allowed.
Please see https://chromedriver.chromium.org/security-considerations for suggestions on keeping ChromeDriver safe.
ChromeDriver was started successfully.
Jul 24, 2021 4:50:26 PM org.openqa.selenium.remote.ProtocolHandshake createSession
INFO: Detected dialect: W3C
]]></system-err>
  </testcase>
  <testcase name="Login with correct username and empty password" classname="Login" time="149.709">
    <system-out><![CDATA[
Scenario: Login with correct username and empty password           &amp#27;[90m# src/test/java/bacdd/feature/Login.feature:23&amp#27;[0m
  &amp#27;[32mAnd &amp#27;[0m&amp#27;[32mOpen home page&amp#27;[0m                                               &amp#27;[90m# bacdd.steps.LoginSteps.openHomePage()&amp#27;[0m
  &amp#27;[32mAnd &amp#27;[0m&amp#27;[32mClick on My Account Menu&amp#27;[0m                                     &amp#27;[90m# bacdd.steps.LoginSteps.clickOnMyAccountMenu()&amp#27;[0m
  &amp#27;[32mWhen &amp#27;[0m&amp#27;[32mEnter registered &amp#27;[0m&amp#27;[32m&amp#27;[1mbacdd@paraline.com.vn&amp#27;[0m&amp#27;[32m in username textbox&amp#27;[0m  &amp#27;[90m# bacdd.steps.LoginSteps.enterRegisteredUsername(java.lang.String)&amp#27;[0m
  &amp#27;[32mAnd &amp#27;[0m&amp#27;[32mClick on login button&amp#27;[0m                                        &amp#27;[90m# bacdd.steps.LoginSteps.clickOnLoginButton()&amp#27;[0m
  &amp#27;[32mThen &amp#27;[0m&amp#27;[32mProper error must be displayed &amp#27;[0m&amp#27;[32m&amp#27;[1mError: Password is required.&amp#27;[0m &amp#27;[90m# bacdd.steps.LoginSteps.verifyLoginFail(java.lang.String)&amp#27;[0m

    Embedding anh [image/png 58047 bytes]

]]></system-out>
    <system-err><![CDATA[Starting ChromeDriver 91.0.4472.101 (af52a90bf87030dd1523486a1cd3ae25c5d76c9b-refs/branch-heads/4472@{#1462}) on port 19597
Only local connections are allowed.
Please see https://chromedriver.chromium.org/security-considerations for suggestions on keeping ChromeDriver safe.
ChromeDriver was started successfully.
Jul 24, 2021 4:50:54 PM org.openqa.selenium.remote.ProtocolHandshake createSession
INFO: Detected dialect: W3C
]]></system-err>
  </testcase>
  <testcase name="Login with correct username and empty username" classname="Login" time="69.972">
    <system-out><![CDATA[
Scenario: Login with correct username and empty username           &amp#27;[90m# src/test/java/bacdd/feature/Login.feature:30&amp#27;[0m
  &amp#27;[32mAnd &amp#27;[0m&amp#27;[32mOpen home page&amp#27;[0m                                               &amp#27;[90m# bacdd.steps.LoginSteps.openHomePage()&amp#27;[0m
  &amp#27;[32mAnd &amp#27;[0m&amp#27;[32mClick on My Account Menu&amp#27;[0m                                     &amp#27;[90m# bacdd.steps.LoginSteps.clickOnMyAccountMenu()&amp#27;[0m
  &amp#27;[32mWhen &amp#27;[0m&amp#27;[32mEnter &amp#27;[0m&amp#27;[32m&amp#27;[1mParalinebacdd&amp#27;[0m&amp#27;[32m in password textbox&amp#27;[0m                     &amp#27;[90m# bacdd.steps.LoginSteps.enterRegisteredPassword(java.lang.String)&amp#27;[0m
  &amp#27;[32mAnd &amp#27;[0m&amp#27;[32mClick on login button&amp#27;[0m                                        &amp#27;[90m# bacdd.steps.LoginSteps.clickOnLoginButton()&amp#27;[0m
  &amp#27;[32mThen &amp#27;[0m&amp#27;[32mProper error must be displayed &amp#27;[0m&amp#27;[32m&amp#27;[1mError: Username is required.&amp#27;[0m &amp#27;[90m# bacdd.steps.LoginSteps.verifyLoginFail(java.lang.String)&amp#27;[0m

    Embedding anh [image/png 52856 bytes]

]]></system-out>
    <system-err><![CDATA[Starting ChromeDriver 91.0.4472.101 (af52a90bf87030dd1523486a1cd3ae25c5d76c9b-refs/branch-heads/4472@{#1462}) on port 40349
Only local connections are allowed.
Please see https://chromedriver.chromium.org/security-considerations for suggestions on keeping ChromeDriver safe.
ChromeDriver was started successfully.
Jul 24, 2021 4:53:23 PM org.openqa.selenium.remote.ProtocolHandshake createSession
INFO: Detected dialect: W3C
]]></system-err>
  </testcase>
  <testcase name="Log-in with empty username and empty username." classname="Login" time="109.035">
    <system-out><![CDATA[
Scenario: Log-in with empty username and empty username.           &amp#27;[90m# src/test/java/bacdd/feature/Login.feature:37&amp#27;[0m
  &amp#27;[32mAnd &amp#27;[0m&amp#27;[32mOpen home page&amp#27;[0m                                               &amp#27;[90m# bacdd.steps.LoginSteps.openHomePage()&amp#27;[0m
  &amp#27;[32mAnd &amp#27;[0m&amp#27;[32mClick on My Account Menu&amp#27;[0m                                     &amp#27;[90m# bacdd.steps.LoginSteps.clickOnMyAccountMenu()&amp#27;[0m
  &amp#27;[32mWhen &amp#27;[0m&amp#27;[32mClick on login button&amp#27;[0m                                       &amp#27;[90m# bacdd.steps.LoginSteps.clickOnLoginButton()&amp#27;[0m
  &amp#27;[32mThen &amp#27;[0m&amp#27;[32mProper error must be displayed &amp#27;[0m&amp#27;[32m&amp#27;[1mError: Username is required.&amp#27;[0m &amp#27;[90m# bacdd.steps.LoginSteps.verifyLoginFail(java.lang.String)&amp#27;[0m

    Embedding anh [image/png 52856 bytes]

]]></system-out>
    <system-err><![CDATA[Starting ChromeDriver 91.0.4472.101 (af52a90bf87030dd1523486a1cd3ae25c5d76c9b-refs/branch-heads/4472@{#1462}) on port 6700
Only local connections are allowed.
Please see https://chromedriver.chromium.org/security-considerations for suggestions on keeping ChromeDriver safe.
ChromeDriver was started successfully.
Jul 24, 2021 4:54:33 PM org.openqa.selenium.remote.ProtocolHandshake createSession
INFO: Detected dialect: W3C
]]></system-err>
  </testcase>
  <testcase name="Login Password should be masked" classname="Login" time="113.813">
    <system-out><![CDATA[
Scenario: Login Password should be masked &amp#27;[90m# src/test/java/bacdd/feature/Login.feature:44&amp#27;[0m
  &amp#27;[32mAnd &amp#27;[0m&amp#27;[32mOpen home page&amp#27;[0m                      &amp#27;[90m# bacdd.steps.LoginSteps.openHomePage()&amp#27;[0m
  &amp#27;[32mAnd &amp#27;[0m&amp#27;[32mClick on My Account Menu&amp#27;[0m            &amp#27;[90m# bacdd.steps.LoginSteps.clickOnMyAccountMenu()&amp#27;[0m
  &amp#27;[32mWhen &amp#27;[0m&amp#27;[32mEnter &amp#27;[0m&amp#27;[32m&amp#27;[1mParaline&amp#27;[0m&amp#27;[32m in password textbox&amp#27;[0m &amp#27;[90m# bacdd.steps.LoginSteps.enterRegisteredPassword(java.lang.String)&amp#27;[0m
  &amp#27;[32mThen &amp#27;[0m&amp#27;[32mPassword should be masked&amp#27;[0m          &amp#27;[90m# bacdd.steps.LoginSteps.verifyPasswordIsInvisible()&amp#27;[0m

    Embedding anh [image/png 57363 bytes]

]]></system-out>
    <system-err><![CDATA[Starting ChromeDriver 91.0.4472.101 (af52a90bf87030dd1523486a1cd3ae25c5d76c9b-refs/branch-heads/4472@{#1462}) on port 14520
Only local connections are allowed.
Please see https://chromedriver.chromium.org/security-considerations for suggestions on keeping ChromeDriver safe.
ChromeDriver was started successfully.
Jul 24, 2021 4:56:22 PM org.openqa.selenium.remote.ProtocolHandshake createSession
INFO: Detected dialect: W3C
]]></system-err>
  </testcase>
  <testcase name="Login Handles case sensitive" classname="Login" time="175.008">
    <system-out><![CDATA[
Scenario: Login Handles case sensitive                                                                                                         &amp#27;[90m# src/test/java/bacdd/feature/Login.feature:51&amp#27;[0m
  &amp#27;[32mAnd &amp#27;[0m&amp#27;[32mOpen home page&amp#27;[0m                                                                                                                           &amp#27;[90m# bacdd.steps.LoginSteps.openHomePage()&amp#27;[0m
  &amp#27;[32mAnd &amp#27;[0m&amp#27;[32mClick on My Account Menu&amp#27;[0m                                                                                                                 &amp#27;[90m# bacdd.steps.LoginSteps.clickOnMyAccountMenu()&amp#27;[0m
  &amp#27;[32mWhen &amp#27;[0m&amp#27;[32mEnter registered &amp#27;[0m&amp#27;[32m&amp#27;[1mBACDD@paraline.com.vn&amp#27;[0m&amp#27;[32m in username textbox&amp#27;[0m                                                                              &amp#27;[90m# bacdd.steps.LoginSteps.enterRegisteredUsername(java.lang.String)&amp#27;[0m
  &amp#27;[32mAnd &amp#27;[0m&amp#27;[32mEnter &amp#27;[0m&amp#27;[32m&amp#27;[1mParalineBACDD&amp#27;[0m&amp#27;[32m in password textbox&amp#27;[0m                                                                                                  &amp#27;[90m# bacdd.steps.LoginSteps.enterRegisteredPassword(java.lang.String)&amp#27;[0m
  &amp#27;[32mAnd &amp#27;[0m&amp#27;[32mClick on login button&amp#27;[0m                                                                                                                    &amp#27;[90m# bacdd.steps.LoginSteps.clickOnLoginButton()&amp#27;[0m
  &amp#27;[32mThen &amp#27;[0m&amp#27;[32mProper error must be displayed &amp#27;[0m&amp#27;[32m&amp#27;[1mERROR: The password you entered for the username BACDD@paraline.com.vn is incorrect. Lost your password?&amp#27;[0m &amp#27;[90m# bacdd.steps.LoginSteps.verifyLoginFail(java.lang.String)&amp#27;[0m

    Embedding anh [image/png 70147 bytes]

]]></system-out>
    <system-err><![CDATA[Starting ChromeDriver 91.0.4472.101 (af52a90bf87030dd1523486a1cd3ae25c5d76c9b-refs/branch-heads/4472@{#1462}) on port 7175
Only local connections are allowed.
Please see https://chromedriver.chromium.org/security-considerations for suggestions on keeping ChromeDriver safe.
ChromeDriver was started successfully.
Jul 24, 2021 4:58:16 PM org.openqa.selenium.remote.ProtocolHandshake createSession
INFO: Detected dialect: W3C
]]></system-err>
  </testcase>
  <testcase name="Login Authentication" classname="Login" time="166.025">
    <system-out><![CDATA[
Scenario: Login Authentication                                    &amp#27;[90m# src/test/java/bacdd/feature/Login.feature:60&amp#27;[0m
  &amp#27;[32mAnd &amp#27;[0m&amp#27;[32mOpen home page&amp#27;[0m                                              &amp#27;[90m# bacdd.steps.LoginSteps.openHomePage()&amp#27;[0m
  &amp#27;[32mAnd &amp#27;[0m&amp#27;[32mClick on My Account Menu&amp#27;[0m                                    &amp#27;[90m# bacdd.steps.LoginSteps.clickOnMyAccountMenu()&amp#27;[0m
  &amp#27;[32mWhen &amp#27;[0m&amp#27;[32mEnter registered &amp#27;[0m&amp#27;[32m&amp#27;[1mbacdd@paraline.com.vn&amp#27;[0m&amp#27;[32m in username textbox&amp#27;[0m &amp#27;[90m# bacdd.steps.LoginSteps.enterRegisteredUsername(java.lang.String)&amp#27;[0m
  &amp#27;[32mAnd &amp#27;[0m&amp#27;[32mEnter &amp#27;[0m&amp#27;[32m&amp#27;[1mParalinebacdd&amp#27;[0m&amp#27;[32m in password textbox&amp#27;[0m                     &amp#27;[90m# bacdd.steps.LoginSteps.enterRegisteredPassword(java.lang.String)&amp#27;[0m
  &amp#27;[32mAnd &amp#27;[0m&amp#27;[32mClick on login button&amp#27;[0m                                       &amp#27;[90m# bacdd.steps.LoginSteps.clickOnLoginButton()&amp#27;[0m
  &amp#27;[32mAnd &amp#27;[0m&amp#27;[32mClick on logout button&amp#27;[0m                                      &amp#27;[90m# bacdd.steps.LoginSteps.logout()&amp#27;[0m
  &amp#27;[32mAnd &amp#27;[0m&amp#27;[32mClick on back button&amp#27;[0m                                        &amp#27;[90m# bacdd.steps.CommonSteps.goBack()&amp#27;[0m
  &amp#27;[32mThen &amp#27;[0m&amp#27;[32mUser is not signed in to his account again&amp#27;[0m                 &amp#27;[90m# bacdd.steps.LoginSteps.verifyCanNotLoginAgain()&amp#27;[0m

    Embedding anh [image/png 57432 bytes]

]]></system-out>
    <system-err><![CDATA[Starting ChromeDriver 91.0.4472.101 (af52a90bf87030dd1523486a1cd3ae25c5d76c9b-refs/branch-heads/4472@{#1462}) on port 35658
Only local connections are allowed.
Please see https://chromedriver.chromium.org/security-considerations for suggestions on keeping ChromeDriver safe.
ChromeDriver was started successfully.
Jul 24, 2021 5:01:11 PM org.openqa.selenium.remote.ProtocolHandshake createSession
INFO: Detected dialect: W3C
]]></system-err>
  </testcase>
</testsuite>