<?xml version="1.0" encoding="UTF-8"?>
<testsuite xmlns:xsi="http://www.w3.org/2001/XMLSchema-instance" xsi:noNamespaceSchemaLocation="https://maven.apache.org/surefire/maven-surefire-plugin/xsd/surefire-test-report-3.0.xsd" version="3.0" name="bacdd.runner.RunRegisterTest" time="1,259.118" tests="13" errors="0" skipped="0" failures="1">
  <properties>
[...]
</properties>
  <testcase name="Login with valid username and password" classname="Login" time="152.548">
    <system-out><![CDATA[
Scenario: Login with valid username and password                  &amp#27;[90m# src/test/java/bacdd/feature/Login.feature:7&amp#27;[0m
  &amp#27;[32mAnd &amp#27;[0m&amp#27;[32mOpen home page&amp#27;[0m                                              &amp#27;[90m# bacdd.steps.LoginSteps.openHomePage()&amp#27;[0m
  &amp#27;[32mAnd &amp#27;[0m&amp#27;[32mClick on My Account Menu&amp#27;[0m                                    &amp#27;[90m# bacdd.steps.LoginSteps.clickOnMyAccountMenu()&amp#27;[0m
  &amp#27;[32mWhen &amp#27;[0m&amp#27;[32mEnter registered &amp#27;[0m&amp#27;[32m&amp#27;[1mbacdd@paraline.com.vn&amp#27;[0m&amp#27;[32m in username textbox&amp#27;[0m &amp#27;[90m# bacdd.steps.LoginSteps.enterRegisteredUsername(java.lang.String)&amp#27;[0m
  &amp#27;[32mAnd &amp#27;[0m&amp#27;[32mEnter &amp#27;[0m&amp#27;[32m&amp#27;[1mParalinebacdd&amp#27;[0m&amp#27;[32m in password textbox&amp#27;[0m                     &amp#27;[90m# bacdd.steps.LoginSteps.enterRegisteredPassword(java.lang.String)&amp#27;[0m
  &amp#27;[32mAnd &amp#27;[0m&amp#27;[32mClick on login button&amp#27;[0m                                       &amp#27;[90m# bacdd.steps.LoginSteps.clickOnLoginButton()&amp#27;[0m
  &amp#27;[32mThen &amp#27;[0m&amp#27;[32mUser must successfully login to the web page&amp#27;[0m               &amp#27;[90m# bacdd.steps.LoginSteps.verifyLoginSuccess()&amp#27;[0m

    Embedding anh [image/png 81393 bytes]

]]></system-out>
    <system-err><![CDATA[Starting ChromeDriver 91.0.4472.101 (af52a90bf87030dd1523486a1cd3ae25c5d76c9b-refs/branch-heads/4472@{#1462}) on port 42066
Only local connections are allowed.
Please see https://chromedriver.chromium.org/security-considerations for suggestions on keeping ChromeDriver safe.
ChromeDriver was started successfully.
Jul 24, 2021 5:03:58 PM org.openqa.selenium.remote.ProtocolHandshake createSession
INFO: Detected dialect: W3C
]]></system-err>
  </testcase>
  <testcase name="Login with incorrect username and incorrect password" classname="Login" time="98.441">
    <system-out><![CDATA[
Scenario: Login with incorrect username and incorrect password                                  &amp#27;[90m# src/test/java/bacdd/feature/Login.feature:15&amp#27;[0m
  &amp#27;[32mAnd &amp#27;[0m&amp#27;[32mOpen home page&amp#27;[0m                                                                            &amp#27;[90m# bacdd.steps.LoginSteps.openHomePage()&amp#27;[0m
  &amp#27;[32mAnd &amp#27;[0m&amp#27;[32mClick on My Account Menu&amp#27;[0m                                                                  &amp#27;[90m# bacdd.steps.LoginSteps.clickOnMyAccountMenu()&amp#27;[0m
  &amp#27;[32mWhen &amp#27;[0m&amp#27;[32mEnter registered &amp#27;[0m&amp#27;[32m&amp#27;[1mbacdd@paraline.com&amp#27;[0m&amp#27;[32m in username textbox&amp#27;[0m                                  &amp#27;[90m# bacdd.steps.LoginSteps.enterRegisteredUsername(java.lang.String)&amp#27;[0m
  &amp#27;[32mAnd &amp#27;[0m&amp#27;[32mEnter &amp#27;[0m&amp#27;[32m&amp#27;[1mParaline&amp#27;[0m&amp#27;[32m in password textbox&amp#27;[0m                                                        &amp#27;[90m# bacdd.steps.LoginSteps.enterRegisteredPassword(java.lang.String)&amp#27;[0m
  &amp#27;[32mAnd &amp#27;[0m&amp#27;[32mClick on login button&amp#27;[0m                                                                     &amp#27;[90m# bacdd.steps.LoginSteps.clickOnLoginButton()&amp#27;[0m
  &amp#27;[32mThen &amp#27;[0m&amp#27;[32mProper error must be displayed &amp#27;[0m&amp#27;[32m&amp#27;[1mError: A user could not be found with this email address.&amp#27;[0m &amp#27;[90m# bacdd.steps.LoginSteps.verifyLoginFail(java.lang.String)&amp#27;[0m

    Embedding anh [image/png 60285 bytes]

]]></system-out>
    <system-err><![CDATA[Starting ChromeDriver 91.0.4472.101 (af52a90bf87030dd1523486a1cd3ae25c5d76c9b-refs/branch-heads/4472@{#1462}) on port 13140
Only local connections are allowed.
Please see https://chromedriver.chromium.org/security-considerations for suggestions on keeping ChromeDriver safe.
ChromeDriver was started successfully.
Jul 24, 2021 5:06:30 PM org.openqa.selenium.remote.ProtocolHandshake createSession
INFO: Detected dialect: W3C
]]></system-err>
  </testcase>
  <testcase name="Login with correct username and empty password" classname="Login" time="107.745">
    <system-out><![CDATA[
Scenario: Login with correct username and empty password           &amp#27;[90m# src/test/java/bacdd/feature/Login.feature:23&amp#27;[0m
  &amp#27;[32mAnd &amp#27;[0m&amp#27;[32mOpen home page&amp#27;[0m                                               &amp#27;[90m# bacdd.steps.LoginSteps.openHomePage()&amp#27;[0m
  &amp#27;[32mAnd &amp#27;[0m&amp#27;[32mClick on My Account Menu&amp#27;[0m                                     &amp#27;[90m# bacdd.steps.LoginSteps.clickOnMyAccountMenu()&amp#27;[0m
  &amp#27;[32mWhen &amp#27;[0m&amp#27;[32mEnter registered &amp#27;[0m&amp#27;[32m&amp#27;[1mbacdd@paraline.com.vn&amp#27;[0m&amp#27;[32m in username textbox&amp#27;[0m  &amp#27;[90m# bacdd.steps.LoginSteps.enterRegisteredUsername(java.lang.String)&amp#27;[0m
  &amp#27;[32mAnd &amp#27;[0m&amp#27;[32mClick on login button&amp#27;[0m                                        &amp#27;[90m# bacdd.steps.LoginSteps.clickOnLoginButton()&amp#27;[0m
  &amp#27;[32mThen &amp#27;[0m&amp#27;[32mProper error must be displayed &amp#27;[0m&amp#27;[32m&amp#27;[1mError: Password is required.&amp#27;[0m &amp#27;[90m# bacdd.steps.LoginSteps.verifyLoginFail(java.lang.String)&amp#27;[0m

    Embedding anh [image/png 58047 bytes]

]]></system-out>
    <system-err><![CDATA[Starting ChromeDriver 91.0.4472.101 (af52a90bf87030dd1523486a1cd3ae25c5d76c9b-refs/branch-heads/4472@{#1462}) on port 6516
Only local connections are allowed.
Please see https://chromedriver.chromium.org/security-considerations for suggestions on keeping ChromeDriver safe.
ChromeDriver was started successfully.
Jul 24, 2021 5:08:08 PM org.openqa.selenium.remote.ProtocolHandshake createSession
INFO: Detected dialect: W3C
]]></system-err>
  </testcase>
  <testcase name="Login with correct username and empty username" classname="Login" time="66.019">
    <system-out><![CDATA[
Scenario: Login with correct username and empty username           &amp#27;[90m# src/test/java/bacdd/feature/Login.feature:30&amp#27;[0m
  &amp#27;[32mAnd &amp#27;[0m&amp#27;[32mOpen home page&amp#27;[0m                                               &amp#27;[90m# bacdd.steps.LoginSteps.openHomePage()&amp#27;[0m
  &amp#27;[32mAnd &amp#27;[0m&amp#27;[32mClick on My Account Menu&amp#27;[0m                                     &amp#27;[90m# bacdd.steps.LoginSteps.clickOnMyAccountMenu()&amp#27;[0m
  &amp#27;[32mWhen &amp#27;[0m&amp#27;[32mEnter &amp#27;[0m&amp#27;[32m&amp#27;[1mParalinebacdd&amp#27;[0m&amp#27;[32m in password textbox&amp#27;[0m                     &amp#27;[90m# bacdd.steps.LoginSteps.enterRegisteredPassword(java.lang.String)&amp#27;[0m
  &amp#27;[32mAnd &amp#27;[0m&amp#27;[32mClick on login button&amp#27;[0m                                        &amp#27;[90m# bacdd.steps.LoginSteps.clickOnLoginButton()&amp#27;[0m
  &amp#27;[32mThen &amp#27;[0m&amp#27;[32mProper error must be displayed &amp#27;[0m&amp#27;[32m&amp#27;[1mError: Username is required.&amp#27;[0m &amp#27;[90m# bacdd.steps.LoginSteps.verifyLoginFail(java.lang.String)&amp#27;[0m

    Embedding anh [image/png 52856 bytes]

]]></system-out>
    <system-err><![CDATA[Starting ChromeDriver 91.0.4472.101 (af52a90bf87030dd1523486a1cd3ae25c5d76c9b-refs/branch-heads/4472@{#1462}) on port 10339
Only local connections are allowed.
Please see https://chromedriver.chromium.org/security-considerations for suggestions on keeping ChromeDriver safe.
ChromeDriver was started successfully.
Jul 24, 2021 5:09:56 PM org.openqa.selenium.remote.ProtocolHandshake createSession
INFO: Detected dialect: W3C
]]></system-err>
  </testcase>
  <testcase name="Log-in with empty username and empty username." classname="Login" time="119.565">
    <system-out><![CDATA[
Scenario: Log-in with empty username and empty username.           &amp#27;[90m# src/test/java/bacdd/feature/Login.feature:37&amp#27;[0m
  &amp#27;[32mAnd &amp#27;[0m&amp#27;[32mOpen home page&amp#27;[0m                                               &amp#27;[90m# bacdd.steps.LoginSteps.openHomePage()&amp#27;[0m
  &amp#27;[32mAnd &amp#27;[0m&amp#27;[32mClick on My Account Menu&amp#27;[0m                                     &amp#27;[90m# bacdd.steps.LoginSteps.clickOnMyAccountMenu()&amp#27;[0m
  &amp#27;[32mWhen &amp#27;[0m&amp#27;[32mClick on login button&amp#27;[0m                                       &amp#27;[90m# bacdd.steps.LoginSteps.clickOnLoginButton()&amp#27;[0m
  &amp#27;[32mThen &amp#27;[0m&amp#27;[32mProper error must be displayed &amp#27;[0m&amp#27;[32m&amp#27;[1mError: Username is required.&amp#27;[0m &amp#27;[90m# bacdd.steps.LoginSteps.verifyLoginFail(java.lang.String)&amp#27;[0m

    Embedding anh [image/png 52856 bytes]

]]></system-out>
    <system-err><![CDATA[Starting ChromeDriver 91.0.4472.101 (af52a90bf87030dd1523486a1cd3ae25c5d76c9b-refs/branch-heads/4472@{#1462}) on port 19609
Only local connections are allowed.
Please see https://chromedriver.chromium.org/security-considerations for suggestions on keeping ChromeDriver safe.
ChromeDriver was started successfully.
Jul 24, 2021 5:11:02 PM org.openqa.selenium.remote.ProtocolHandshake createSession
INFO: Detected dialect: W3C
]]></system-err>
  </testcase>
  <testcase name="Login Password should be masked" classname="Login" time="44.973">
    <system-out><![CDATA[
Scenario: Login Password should be masked &amp#27;[90m# src/test/java/bacdd/feature/Login.feature:44&amp#27;[0m
  &amp#27;[32mAnd &amp#27;[0m&amp#27;[32mOpen home page&amp#27;[0m                      &amp#27;[90m# bacdd.steps.LoginSteps.openHomePage()&amp#27;[0m
  &amp#27;[32mAnd &amp#27;[0m&amp#27;[32mClick on My Account Menu&amp#27;[0m            &amp#27;[90m# bacdd.steps.LoginSteps.clickOnMyAccountMenu()&amp#27;[0m
  &amp#27;[32mWhen &amp#27;[0m&amp#27;[32mEnter &amp#27;[0m&amp#27;[32m&amp#27;[1mParaline&amp#27;[0m&amp#27;[32m in password textbox&amp#27;[0m &amp#27;[90m# bacdd.steps.LoginSteps.enterRegisteredPassword(java.lang.String)&amp#27;[0m
  &amp#27;[32mThen &amp#27;[0m&amp#27;[32mPassword should be masked&amp#27;[0m          &amp#27;[90m# bacdd.steps.LoginSteps.verifyPasswordIsInvisible()&amp#27;[0m

    Embedding anh [image/png 57782 bytes]

]]></system-out>
    <system-err><![CDATA[Starting ChromeDriver 91.0.4472.101 (af52a90bf87030dd1523486a1cd3ae25c5d76c9b-refs/branch-heads/4472@{#1462}) on port 26121
Only local connections are allowed.
Please see https://chromedriver.chromium.org/security-considerations for suggestions on keeping ChromeDriver safe.
ChromeDriver was started successfully.
Jul 24, 2021 5:13:02 PM org.openqa.selenium.remote.ProtocolHandshake createSession
INFO: Detected dialect: W3C
]]></system-err>
  </testcase>
  <testcase name="Login Handles case sensitive" classname="Login" time="108.848">
    <system-out><![CDATA[
Scenario: Login Handles case sensitive                                                                                                         &amp#27;[90m# src/test/java/bacdd/feature/Login.feature:51&amp#27;[0m
  &amp#27;[32mAnd &amp#27;[0m&amp#27;[32mOpen home page&amp#27;[0m                                                                                                                           &amp#27;[90m# bacdd.steps.LoginSteps.openHomePage()&amp#27;[0m
  &amp#27;[32mAnd &amp#27;[0m&amp#27;[32mClick on My Account Menu&amp#27;[0m                                                                                                                 &amp#27;[90m# bacdd.steps.LoginSteps.clickOnMyAccountMenu()&amp#27;[0m
  &amp#27;[32mWhen &amp#27;[0m&amp#27;[32mEnter registered &amp#27;[0m&amp#27;[32m&amp#27;[1mBACDD@paraline.com.vn&amp#27;[0m&amp#27;[32m in username textbox&amp#27;[0m                                                                              &amp#27;[90m# bacdd.steps.LoginSteps.enterRegisteredUsername(java.lang.String)&amp#27;[0m
  &amp#27;[32mAnd &amp#27;[0m&amp#27;[32mEnter &amp#27;[0m&amp#27;[32m&amp#27;[1mParalineBACDD&amp#27;[0m&amp#27;[32m in password textbox&amp#27;[0m                                                                                                  &amp#27;[90m# bacdd.steps.LoginSteps.enterRegisteredPassword(java.lang.String)&amp#27;[0m
  &amp#27;[32mAnd &amp#27;[0m&amp#27;[32mClick on login button&amp#27;[0m                                                                                                                    &amp#27;[90m# bacdd.steps.LoginSteps.clickOnLoginButton()&amp#27;[0m
  &amp#27;[32mThen &amp#27;[0m&amp#27;[32mProper error must be displayed &amp#27;[0m&amp#27;[32m&amp#27;[1mERROR: The password you entered for the username BACDD@paraline.com.vn is incorrect. Lost your password?&amp#27;[0m &amp#27;[90m# bacdd.steps.LoginSteps.verifyLoginFail(java.lang.String)&amp#27;[0m

    Embedding anh [image/png 69583 bytes]

]]></system-out>
    <system-err><![CDATA[Starting ChromeDriver 91.0.4472.101 (af52a90bf87030dd1523486a1cd3ae25c5d76c9b-refs/branch-heads/4472@{#1462}) on port 31678
Only local connections are allowed.
Please see https://chromedriver.chromium.org/security-considerations for suggestions on keeping ChromeDriver safe.
ChromeDriver was started successfully.
Jul 24, 2021 5:13:47 PM org.openqa.selenium.remote.ProtocolHandshake createSession
INFO: Detected dialect: W3C
]]></system-err>
  </testcase>
  <testcase name="Login Authentication" classname="Login" time="158.44">
    <system-out><![CDATA[
Scenario: Login Authentication                                    &amp#27;[90m# src/test/java/bacdd/feature/Login.feature:60&amp#27;[0m
  &amp#27;[32mAnd &amp#27;[0m&amp#27;[32mOpen home page&amp#27;[0m                                              &amp#27;[90m# bacdd.steps.LoginSteps.openHomePage()&amp#27;[0m
  &amp#27;[32mAnd &amp#27;[0m&amp#27;[32mClick on My Account Menu&amp#27;[0m                                    &amp#27;[90m# bacdd.steps.LoginSteps.clickOnMyAccountMenu()&amp#27;[0m
  &amp#27;[32mWhen &amp#27;[0m&amp#27;[32mEnter registered &amp#27;[0m&amp#27;[32m&amp#27;[1mbacdd@paraline.com.vn&amp#27;[0m&amp#27;[32m in username textbox&amp#27;[0m &amp#27;[90m# bacdd.steps.LoginSteps.enterRegisteredUsername(java.lang.String)&amp#27;[0m
  &amp#27;[32mAnd &amp#27;[0m&amp#27;[32mEnter &amp#27;[0m&amp#27;[32m&amp#27;[1mParalinebacdd&amp#27;[0m&amp#27;[32m in password textbox&amp#27;[0m                     &amp#27;[90m# bacdd.steps.LoginSteps.enterRegisteredPassword(java.lang.String)&amp#27;[0m
  &amp#27;[32mAnd &amp#27;[0m&amp#27;[32mClick on login button&amp#27;[0m                                       &amp#27;[90m# bacdd.steps.LoginSteps.clickOnLoginButton()&amp#27;[0m
  &amp#27;[32mAnd &amp#27;[0m&amp#27;[32mClick on logout button&amp#27;[0m                                      &amp#27;[90m# bacdd.steps.LoginSteps.logout()&amp#27;[0m
  &amp#27;[32mAnd &amp#27;[0m&amp#27;[32mClick on back button&amp#27;[0m                                        &amp#27;[90m# bacdd.steps.CommonSteps.goBack()&amp#27;[0m
  &amp#27;[32mThen &amp#27;[0m&amp#27;[32mUser is not signed in to his account again&amp#27;[0m                 &amp#27;[90m# bacdd.steps.LoginSteps.verifyCanNotLoginAgain()&amp#27;[0m

    Embedding anh [image/png 57432 bytes]

]]></system-out>
    <system-err><![CDATA[Starting ChromeDriver 91.0.4472.101 (af52a90bf87030dd1523486a1cd3ae25c5d76c9b-refs/branch-heads/4472@{#1462}) on port 22384
Only local connections are allowed.
Please see https://chromedriver.chromium.org/security-considerations for suggestions on keeping ChromeDriver safe.
ChromeDriver was started successfully.
Jul 24, 2021 5:15:35 PM org.openqa.selenium.remote.ProtocolHandshake createSession
INFO: Detected dialect: W3C
]]></system-err>
  </testcase>
  <testcase name="Registration and Signin" classname="Registration" time="1.046">
    <failure type="org.opentest4j.MultipleFailuresError"><![CDATA[org.opentest4j.MultipleFailuresError: 
Multiple Failures (2 failures)
	org.openqa.selenium.WebDriverException: unknown error: Chrome failed to start: exited normally.
  (unknown error: DevToolsActivePort file doesn't exist)
  (The process started from chrome location C:\Program Files (x86)\Google\Chrome\Application\chrome.exe is no longer running, so ChromeDriver is assuming that Chrome has crashed.)
Build info: version: '3.141.59', revision: 'e82be7d358', time: '2018-11-14T08:17:03'
System info: host: 'DESKTOP-VF9VKG6', ip: '192.168.1.53', os.name: 'Windows 10', os.arch: 'amd64', os.version: '10.0', java.version: '1.8.0_281'
Driver info: driver.version: ChromeDriver
remote stacktrace: Backtrace:
	Ordinal0 [0x002C3733+2504499]
	Ordinal0 [0x0025C401+2081793]
	Ordinal0 [0x00162628+1058344]
	Ordinal0 [0x0017C99F+1165727]
	Ordinal0 [0x00179DC3+1154499]
	Ordinal0 [0x001A9B82+1350530]
	Ordinal0 [0x001A97DA+1349594]
	Ordinal0 [0x001A5D4B+1334603]
	Ordinal0 [0x001822B4+1188532]
	Ordinal0 [0x00183149+1192265]
	GetHandleVerifier [0x0043FB8C+1512252]
	GetHandleVerifier [0x004EB0DF+2214031]
	GetHandleVerifier [0x00344BC3+484211]
	GetHandleVerifier [0x00343E69+480793]
	Ordinal0 [0x0026218D+2105741]
	Ordinal0 [0x002666E8+2123496]
	Ordinal0 [0x00266827+2123815]
	Ordinal0 [0x0026FB73+2161523]
	BaseThreadInitThunk [0x764FFA29+25]
	RtlGetAppContainerNamedObjectPath [0x77C77A7E+286]
	RtlGetAppContainerNamedObjectPath [0x77C77A4E+238]
	(No symbol) [0x00000000]

	org.openqa.selenium.NoSuchSessionException: Session ID is null. Using WebDriver after calling quit()?
Build info: version: '3.141.59', revision: 'e82be7d358', time: '2018-11-14T08:17:03'
System info: host: 'DESKTOP-VF9VKG6', ip: '192.168.1.53', os.name: 'Windows 10', os.arch: 'amd64', os.version: '10.0', java.version: '1.8.0_281'
Driver info: driver.version: RemoteWebDriver
]]></failure>
    <system-out><![CDATA[
@Test
Scenario: Registration and Signin                                                  &amp#27;[90m# src/test/java/bacdd/feature/Registration.feature:7&amp#27;[0m
      &amp#27;[31morg.openqa.selenium.WebDriverException: unknown error: Chrome failed to start: exited normally.
  (unknown error: DevToolsActivePort file doesn't exist)
  (The process started from chrome location C:\Program Files (x86)\Google\Chrome\Application\chrome.exe is no longer running, so ChromeDriver is assuming that Chrome has crashed.)
Build info: version: '3.141.59', revision: 'e82be7d358', time: '2018-11-14T08:17:03'
System info: host: 'DESKTOP-VF9VKG6', ip: '192.168.1.53', os.name: 'Windows 10', os.arch: 'amd64', os.version: '10.0', java.version: '1.8.0_281'
Driver info: driver.version: ChromeDriver
remote stacktrace: Backtrace:
	Ordinal0 [0x002C3733+2504499]
	Ordinal0 [0x0025C401+2081793]
	Ordinal0 [0x00162628+1058344]
	Ordinal0 [0x0017C99F+1165727]
	Ordinal0 [0x00179DC3+1154499]
	Ordinal0 [0x001A9B82+1350530]
	Ordinal0 [0x001A97DA+1349594]
	Ordinal0 [0x001A5D4B+1334603]
	Ordinal0 [0x001822B4+1188532]
	Ordinal0 [0x00183149+1192265]
	GetHandleVerifier [0x0043FB8C+1512252]
	GetHandleVerifier [0x004EB0DF+2214031]
	GetHandleVerifier [0x00344BC3+484211]
	GetHandleVerifier [0x00343E69+480793]
	Ordinal0 [0x0026218D+2105741]
	Ordinal0 [0x002666E8+2123496]
	Ordinal0 [0x00266827+2123815]
	Ordinal0 [0x0026FB73+2161523]
	BaseThreadInitThunk [0x764FFA29+25]
	RtlGetAppContainerNamedObjectPath [0x77C77A7E+286]
	RtlGetAppContainerNamedObjectPath [0x77C77A4E+238]
	(No symbol) [0x00000000]

	at sun.reflect.NativeConstructorAccessorImpl.newInstance0(Native Method)
	at sun.reflect.NativeConstructorAccessorImpl.newInstance(NativeConstructorAccessorImpl.java:62)
	at sun.reflect.DelegatingConstructorAccessorImpl.newInstance(DelegatingConstructorAccessorImpl.java:45)
	at java.lang.reflect.Constructor.newInstance(Constructor.java:423)
	at org.openqa.selenium.remote.W3CHandshakeResponse.lambda$errorHandler$0(W3CHandshakeResponse.java:62)
	at org.openqa.selenium.remote.HandshakeResponse.lambda$getResponseFunction$0(HandshakeResponse.java:30)
	at org.openqa.selenium.remote.ProtocolHandshake.lambda$createSession$0(ProtocolHandshake.java:126)
	at java.util.stream.ReferencePipeline$3$1.accept(ReferencePipeline.java:193)
	at java.util.Spliterators$ArraySpliterator.tryAdvance(Spliterators.java:958)
	at java.util.stream.ReferencePipeline.forEachWithCancel(ReferencePipeline.java:126)
	at java.util.stream.AbstractPipeline.copyIntoWithCancel(AbstractPipeline.java:499)
	at java.util.stream.AbstractPipeline.copyInto(AbstractPipeline.java:486)
	at java.util.stream.AbstractPipeline.wrapAndCopyInto(AbstractPipeline.java:472)
	at java.util.stream.FindOps$FindOp.evaluateSequential(FindOps.java:152)
	at java.util.stream.AbstractPipeline.evaluate(AbstractPipeline.java:234)
	at java.util.stream.ReferencePipeline.findFirst(ReferencePipeline.java:464)
	at org.openqa.selenium.remote.ProtocolHandshake.createSession(ProtocolHandshake.java:128)
	at org.openqa.selenium.remote.ProtocolHandshake.createSession(ProtocolHandshake.java:74)
	at org.openqa.selenium.remote.HttpCommandExecutor.execute(HttpCommandExecutor.java:136)
	at org.openqa.selenium.remote.service.DriverCommandExecutor.execute(DriverCommandExecutor.java:83)
	at org.openqa.selenium.remote.RemoteWebDriver.execute(RemoteWebDriver.java:552)
	at org.openqa.selenium.remote.RemoteWebDriver.startSession(RemoteWebDriver.java:213)
	at org.openqa.selenium.remote.RemoteWebDriver.<init>(RemoteWebDriver.java:131)
	at org.openqa.selenium.chrome.ChromeDriver.<init>(ChromeDriver.java:181)
	at org.openqa.selenium.chrome.ChromeDriver.<init>(ChromeDriver.java:168)
	at org.openqa.selenium.chrome.ChromeDriver.<init>(ChromeDriver.java:123)
	at bacdd.common.WebDriverFactory.createDriver(WebDriverFactory.java:24)
	at bacdd.steps.Hooks.setUp(Hooks.java:18)
&amp#27;[0m
  &amp#27;[36mAnd &amp#27;[0m&amp#27;[36mOpen home page&amp#27;[0m                                                               &amp#27;[90m# bacdd.steps.LoginSteps.openHomePage()&amp#27;[0m
  &amp#27;[36mAnd &amp#27;[0m&amp#27;[36mClick on My Account Menu&amp#27;[0m                                                     &amp#27;[90m# bacdd.steps.LoginSteps.clickOnMyAccountMenu()&amp#27;[0m
  &amp#27;[36mWhen &amp#27;[0m&amp#27;[36mEnter a radom email in register textbox&amp#27;[0m                                     &amp#27;[90m# bacdd.steps.RegisterSteps.inputRandomRegisterUsername()&amp#27;[0m
  &amp#27;[36mAnd &amp#27;[0m&amp#27;[36mEnter &amp#27;[0m&amp#27;[36m&amp#27;[1mParalinebacdd&amp#27;[0m&amp#27;[36m in register password textbox&amp#27;[0m                             &amp#27;[90m# bacdd.steps.RegisterSteps.inputRegisterPassword(java.lang.String)&amp#27;[0m
  &amp#27;[36mAnd &amp#27;[0m&amp#27;[36mClick on register button&amp#27;[0m                                                     &amp#27;[90m# bacdd.steps.RegisterSteps.clickRegister()&amp#27;[0m
  &amp#27;[36mThen &amp#27;[0m&amp#27;[36mUser will be registered successfully and will be navigated to the Home page&amp#27;[0m &amp#27;[90m# bacdd.steps.RegisterSteps.verifyRegisterSuccess()&amp#27;[0m
      &amp#27;[31morg.openqa.selenium.NoSuchSessionException: Session ID is null. Using WebDriver after calling quit()?
Build info: version: '3.141.59', revision: 'e82be7d358', time: '2018-11-14T08:17:03'
System info: host: 'DESKTOP-VF9VKG6', ip: '192.168.1.53', os.name: 'Windows 10', os.arch: 'amd64', os.version: '10.0', java.version: '1.8.0_281'
Driver info: driver.version: RemoteWebDriver
	at org.openqa.selenium.remote.HttpCommandExecutor.execute(HttpCommandExecutor.java:125)
	at org.openqa.selenium.remote.service.DriverCommandExecutor.execute(DriverCommandExecutor.java:83)
	at org.openqa.selenium.remote.RemoteWebDriver.execute(RemoteWebDriver.java:552)
	at org.openqa.selenium.remote.RemoteWebDriver.execute(RemoteWebDriver.java:609)
	at org.openqa.selenium.remote.RemoteWebDriver.getScreenshotAs(RemoteWebDriver.java:295)
	at bacdd.steps.Hooks.tearDown(Hooks.java:26)
&amp#27;[0m
]]></system-out>
    <system-err><![CDATA[Starting ChromeDriver 91.0.4472.101 (af52a90bf87030dd1523486a1cd3ae25c5d76c9b-refs/branch-heads/4472@{#1462}) on port 14821
Only local connections are allowed.
Please see https://chromedriver.chromium.org/security-considerations for suggestions on keeping ChromeDriver safe.
ChromeDriver was started successfully.
]]></system-err>
  </testcase>
  <testcase name="Registration with invalid Email-id" classname="Registration" time="95.434">
    <system-out><![CDATA[
Scenario: Registration with invalid Email-id                                                      &amp#27;[90m# src/test/java/bacdd/feature/Registration.feature:16&amp#27;[0m
  &amp#27;[32mAnd &amp#27;[0m&amp#27;[32mOpen home page&amp#27;[0m                                                                              &amp#27;[90m# bacdd.steps.LoginSteps.openHomePage()&amp#27;[0m
  &amp#27;[32mAnd &amp#27;[0m&amp#27;[32mClick on My Account Menu&amp#27;[0m                                                                    &amp#27;[90m# bacdd.steps.LoginSteps.clickOnMyAccountMenu()&amp#27;[0m
  &amp#27;[32mWhen &amp#27;[0m&amp#27;[32mEnter &amp#27;[0m&amp#27;[32m&amp#27;[1mbacdd@mail&amp#27;[0m&amp#27;[32m in register username textbox&amp#27;[0m                                              &amp#27;[90m# bacdd.steps.RegisterSteps.inputRegisterUsername(java.lang.String)&amp#27;[0m
  &amp#27;[32mAnd &amp#27;[0m&amp#27;[32mEnter &amp#27;[0m&amp#27;[32m&amp#27;[1mParalinebacdd&amp#27;[0m&amp#27;[32m in register password textbox&amp#27;[0m                                            &amp#27;[90m# bacdd.steps.RegisterSteps.inputRegisterPassword(java.lang.String)&amp#27;[0m
  &amp#27;[32mAnd &amp#27;[0m&amp#27;[32mClick on register button&amp#27;[0m                                                                    &amp#27;[90m# bacdd.steps.RegisterSteps.clickRegister()&amp#27;[0m
  &amp#27;[32mThen &amp#27;[0m&amp#27;[32mRegistration must fail with a warning message &amp#27;[0m&amp#27;[32m&amp#27;[1mError: Please provide a valid email address.&amp#27;[0m &amp#27;[90m# bacdd.steps.RegisterSteps.verifyRegisterFail(java.lang.String)&amp#27;[0m

    Embedding anh [image/png 57357 bytes]

]]></system-out>
    <system-err><![CDATA[Starting ChromeDriver 91.0.4472.101 (af52a90bf87030dd1523486a1cd3ae25c5d76c9b-refs/branch-heads/4472@{#1462}) on port 14599
Only local connections are allowed.
Please see https://chromedriver.chromium.org/security-considerations for suggestions on keeping ChromeDriver safe.
ChromeDriver was started successfully.
Jul 24, 2021 5:18:15 PM org.openqa.selenium.remote.ProtocolHandshake createSession
INFO: Detected dialect: W3C
]]></system-err>
  </testcase>
  <testcase name="Registration with empty Email-id" classname="Registration" time="111.531">
    <system-out><![CDATA[
Scenario: Registration with empty Email-id                                                        &amp#27;[90m# src/test/java/bacdd/feature/Registration.feature:25&amp#27;[0m
  &amp#27;[32mAnd &amp#27;[0m&amp#27;[32mOpen home page&amp#27;[0m                                                                              &amp#27;[90m# bacdd.steps.LoginSteps.openHomePage()&amp#27;[0m
  &amp#27;[32mAnd &amp#27;[0m&amp#27;[32mClick on My Account Menu&amp#27;[0m                                                                    &amp#27;[90m# bacdd.steps.LoginSteps.clickOnMyAccountMenu()&amp#27;[0m
  &amp#27;[32mWhen &amp#27;[0m&amp#27;[32mEnter &amp#27;[0m&amp#27;[32m&amp#27;[1mParalinebacdd&amp#27;[0m&amp#27;[32m in register password textbox&amp#27;[0m                                           &amp#27;[90m# bacdd.steps.RegisterSteps.inputRegisterPassword(java.lang.String)&amp#27;[0m
  &amp#27;[32mAnd &amp#27;[0m&amp#27;[32mClick on register button&amp#27;[0m                                                                    &amp#27;[90m# bacdd.steps.RegisterSteps.clickRegister()&amp#27;[0m
  &amp#27;[32mThen &amp#27;[0m&amp#27;[32mRegistration must fail with a warning message &amp#27;[0m&amp#27;[32m&amp#27;[1mError: Please provide a valid email address.&amp#27;[0m &amp#27;[90m# bacdd.steps.RegisterSteps.verifyRegisterFail(java.lang.String)&amp#27;[0m

    Embedding anh [image/png 54597 bytes]

]]></system-out>
    <system-err><![CDATA[Starting ChromeDriver 91.0.4472.101 (af52a90bf87030dd1523486a1cd3ae25c5d76c9b-refs/branch-heads/4472@{#1462}) on port 26776
Only local connections are allowed.
Please see https://chromedriver.chromium.org/security-considerations for suggestions on keeping ChromeDriver safe.
ChromeDriver was started successfully.
Jul 24, 2021 5:19:50 PM org.openqa.selenium.remote.ProtocolHandshake createSession
INFO: Detected dialect: W3C
]]></system-err>
  </testcase>
  <testcase name="Registration with empty password" classname="Registration" time="87.183">
    <system-out><![CDATA[
Scenario: Registration with empty password                                                    &amp#27;[90m# src/test/java/bacdd/feature/Registration.feature:33&amp#27;[0m
  &amp#27;[32mAnd &amp#27;[0m&amp#27;[32mOpen home page&amp#27;[0m                                                                          &amp#27;[90m# bacdd.steps.LoginSteps.openHomePage()&amp#27;[0m
  &amp#27;[32mAnd &amp#27;[0m&amp#27;[32mClick on My Account Menu&amp#27;[0m                                                                &amp#27;[90m# bacdd.steps.LoginSteps.clickOnMyAccountMenu()&amp#27;[0m
Email dang ky: bacdd332@paraline.com.vn
  &amp#27;[32mWhen &amp#27;[0m&amp#27;[32mEnter a radom email in register textbox&amp#27;[0m                                                &amp#27;[90m# bacdd.steps.RegisterSteps.inputRandomRegisterUsername()&amp#27;[0m
  &amp#27;[32mAnd &amp#27;[0m&amp#27;[32mClick on register button&amp#27;[0m                                                                &amp#27;[90m# bacdd.steps.RegisterSteps.clickRegister()&amp#27;[0m
  &amp#27;[32mThen &amp#27;[0m&amp#27;[32mRegistration must fail with a warning message &amp#27;[0m&amp#27;[32m&amp#27;[1mError: Please enter an account password.&amp#27;[0m &amp#27;[90m# bacdd.steps.RegisterSteps.verifyRegisterFail(java.lang.String)&amp#27;[0m

    Embedding anh [image/png 59790 bytes]

]]></system-out>
    <system-err><![CDATA[Starting ChromeDriver 91.0.4472.101 (af52a90bf87030dd1523486a1cd3ae25c5d76c9b-refs/branch-heads/4472@{#1462}) on port 2386
Only local connections are allowed.
Please see https://chromedriver.chromium.org/security-considerations for suggestions on keeping ChromeDriver safe.
ChromeDriver was started successfully.
Jul 24, 2021 5:21:42 PM org.openqa.selenium.remote.ProtocolHandshake createSession
INFO: Detected dialect: W3C
]]></system-err>
  </testcase>
  <testcase name="Registration with empty Email-id and password" classname="Registration" time="107.235">
    <system-out><![CDATA[
Scenario: Registration with empty Email-id and password                                           &amp#27;[90m# src/test/java/bacdd/feature/Registration.feature:40&amp#27;[0m
  &amp#27;[32mAnd &amp#27;[0m&amp#27;[32mOpen home page&amp#27;[0m                                                                              &amp#27;[90m# bacdd.steps.LoginSteps.openHomePage()&amp#27;[0m
  &amp#27;[32mAnd &amp#27;[0m&amp#27;[32mClick on My Account Menu&amp#27;[0m                                                                    &amp#27;[90m# bacdd.steps.LoginSteps.clickOnMyAccountMenu()&amp#27;[0m
  &amp#27;[32mWhen &amp#27;[0m&amp#27;[32mClick on register button&amp#27;[0m                                                                   &amp#27;[90m# bacdd.steps.RegisterSteps.clickRegister()&amp#27;[0m
  &amp#27;[32mThen &amp#27;[0m&amp#27;[32mRegistration must fail with a warning message &amp#27;[0m&amp#27;[32m&amp#27;[1mError: Please provide a valid email address.&amp#27;[0m &amp#27;[90m# bacdd.steps.RegisterSteps.verifyRegisterFail(java.lang.String)&amp#27;[0m

    Embedding anh [image/png 54597 bytes]

]]></system-out>
    <system-err><![CDATA[Starting ChromeDriver 91.0.4472.101 (af52a90bf87030dd1523486a1cd3ae25c5d76c9b-refs/branch-heads/4472@{#1462}) on port 45056
Only local connections are allowed.
Please see https://chromedriver.chromium.org/security-considerations for suggestions on keeping ChromeDriver safe.
ChromeDriver was started successfully.
Jul 24, 2021 5:23:09 PM org.openqa.selenium.remote.ProtocolHandshake createSession
INFO: Detected dialect: W3C
]]></system-err>
  </testcase>
</testsuite>